2023-02-06 18:26:35 DEBUG - Got browser profile options from settings file: 
{disable-popup-blocking=true, profile.default_content_settings.popups=0, download.prompt_for_download=false, intl.accept_languages=en, safebrowsing.enabled=true, download.default_directory=//home//selenium//downloads}
2023-02-06 18:26:35 DEBUG - Using Log4J2 as the default logging framework
2023-02-06 18:26:35 DEBUG - -Dio.netty.leakDetection.level: simple
2023-02-06 18:26:35 DEBUG - -Dio.netty.leakDetection.targetRecords: 4
2023-02-06 18:26:35 DEBUG - Loaded default ResourceLeakDetector: io.netty.util.ResourceLeakDetector@65b97f47
2023-02-06 18:26:35 DEBUG - -Dio.netty.noUnsafe: false
2023-02-06 18:26:35 DEBUG - Java version: 11
2023-02-06 18:26:35 DEBUG - sun.misc.Unsafe.theUnsafe: available
2023-02-06 18:26:35 DEBUG - sun.misc.Unsafe.copyMemory: available
2023-02-06 18:26:35 DEBUG - sun.misc.Unsafe.storeFence: available
2023-02-06 18:26:35 DEBUG - java.nio.Buffer.address: available
2023-02-06 18:26:35 DEBUG - direct buffer constructor: unavailable: Reflective setAccessible(true) disabled
2023-02-06 18:26:35 DEBUG - java.nio.Bits.unaligned: available, true
2023-02-06 18:26:35 DEBUG - jdk.internal.misc.Unsafe.allocateUninitializedArray(int): unavailable: class io.netty.util.internal.PlatformDependent0$7 cannot access class jdk.internal.misc.Unsafe (in module java.base) because module java.base does not export jdk.internal.misc to unnamed module @15639440
2023-02-06 18:26:35 DEBUG - java.nio.DirectByteBuffer.<init>(long, int): unavailable
2023-02-06 18:26:35 DEBUG - sun.misc.Unsafe: available
2023-02-06 18:26:35 DEBUG - maxDirectMemory: 2067791872 bytes (maybe)
2023-02-06 18:26:35 DEBUG - -Dio.netty.tmpdir: C:\Users\tsadist\AppData\Local\Temp (java.io.tmpdir)
2023-02-06 18:26:35 DEBUG - -Dio.netty.bitMode: 64 (sun.arch.data.model)
2023-02-06 18:26:35 DEBUG - Platform: Windows
2023-02-06 18:26:35 DEBUG - -Dio.netty.maxDirectMemory: -1 bytes
2023-02-06 18:26:35 DEBUG - -Dio.netty.uninitializedArrayAllocationThreshold: -1
2023-02-06 18:26:35 DEBUG - java.nio.ByteBuffer.cleaner(): available
2023-02-06 18:26:35 DEBUG - -Dio.netty.noPreferDirect: false
2023-02-06 18:26:35 DEBUG - org.jctools-core.MpscChunkedArrayQueue: available
2023-02-06 18:26:35 DEBUG - -Dio.netty.threadLocalMap.stringBuilder.initialSize: 1024
2023-02-06 18:26:35 DEBUG - -Dio.netty.threadLocalMap.stringBuilder.maxSize: 4096
2023-02-06 18:26:35 DEBUG - Default protocols (JDK): [TLSv1.3, TLSv1.2] 
2023-02-06 18:26:35 DEBUG - Default cipher suites (JDK): [TLS_ECDHE_ECDSA_WITH_AES_256_GCM_SHA384, TLS_ECDHE_ECDSA_WITH_AES_128_GCM_SHA256, TLS_ECDHE_RSA_WITH_AES_128_GCM_SHA256, TLS_ECDHE_RSA_WITH_AES_256_GCM_SHA384, TLS_ECDHE_RSA_WITH_AES_128_CBC_SHA, TLS_ECDHE_RSA_WITH_AES_256_CBC_SHA, TLS_RSA_WITH_AES_128_GCM_SHA256, TLS_RSA_WITH_AES_128_CBC_SHA, TLS_RSA_WITH_AES_256_CBC_SHA, TLS_AES_128_GCM_SHA256, TLS_AES_256_GCM_SHA384]
2023-02-06 18:26:35 DEBUG - -Dio.netty.eventLoopThreads: 16
2023-02-06 18:26:35 DEBUG - -Dio.netty.noKeySetOptimization: false
2023-02-06 18:26:35 DEBUG - -Dio.netty.selectorAutoRebuildThreshold: 512
2023-02-06 18:26:35 DEBUG - -Dio.netty.allocator.numHeapArenas: 16
2023-02-06 18:26:35 DEBUG - -Dio.netty.allocator.numDirectArenas: 16
2023-02-06 18:26:35 DEBUG - -Dio.netty.allocator.pageSize: 8192
2023-02-06 18:26:35 DEBUG - -Dio.netty.allocator.maxOrder: 9
2023-02-06 18:26:35 DEBUG - -Dio.netty.allocator.chunkSize: 4194304
2023-02-06 18:26:35 DEBUG - -Dio.netty.allocator.smallCacheSize: 256
2023-02-06 18:26:35 DEBUG - -Dio.netty.allocator.normalCacheSize: 64
2023-02-06 18:26:35 DEBUG - -Dio.netty.allocator.maxCachedBufferCapacity: 32768
2023-02-06 18:26:35 DEBUG - -Dio.netty.allocator.cacheTrimInterval: 8192
2023-02-06 18:26:35 DEBUG - -Dio.netty.allocator.cacheTrimIntervalMillis: 0
2023-02-06 18:26:35 DEBUG - -Dio.netty.allocator.useCacheForAllThreads: false
2023-02-06 18:26:35 DEBUG - -Dio.netty.allocator.maxCachedByteBuffersPerChunk: 1023
2023-02-06 18:26:35 DEBUG - -Dio.netty.allocator.type: pooled
2023-02-06 18:26:35 DEBUG - -Dio.netty.threadLocalDirectBufferSize: 0
2023-02-06 18:26:35 DEBUG - -Dio.netty.maxThreadLocalCharBufferSize: 16384
2023-02-06 18:26:36 DEBUG - -Dio.netty.processId: 12080 (auto-detected)
2023-02-06 18:26:36 DEBUG - -Djava.net.preferIPv4Stack: false
2023-02-06 18:26:36 DEBUG - -Djava.net.preferIPv6Addresses: false
2023-02-06 18:26:36 DEBUG - Loopback interface: lo (Software Loopback Interface 1, 127.0.0.1)
2023-02-06 18:26:36 DEBUG - Failed to get SOMAXCONN from sysctl and file \proc\sys\net\core\somaxconn. Default: 200
2023-02-06 18:26:36 DEBUG - -Dio.netty.machineId: 20:1e:88:ff:fe:af:74:81 (auto-detected)
2023-02-06 18:26:36 DEBUG - -Dio.netty.buffer.checkAccessible: true
2023-02-06 18:26:36 DEBUG - -Dio.netty.buffer.checkBounds: true
2023-02-06 18:26:36 DEBUG - Loaded default ResourceLeakDetector: io.netty.util.ResourceLeakDetector@4e329120
2023-02-06 18:26:36 DEBUG - -Dio.netty.recycler.maxCapacityPerThread: 4096
2023-02-06 18:26:36 DEBUG - -Dio.netty.recycler.ratio: 8
2023-02-06 18:26:36 DEBUG - -Dio.netty.recycler.chunkSize: 32
2023-02-06 18:26:36 DEBUG - -Dio.netty.recycler.blocking: false
2023-02-06 18:26:37 DEBUG - brotli4j not in the classpath; Brotli support will be unavailable.
2023-02-06 18:26:38 DEBUG - -Dio.netty.initialSeedUniquifier: 0x7dd33fbacf25dd78
2023-02-06 18:26:38 DEBUG - Set '15' timeout in seconds for loading of pages
2023-02-06 18:26:38 DEBUG - Set async javascript execution timeout '10' in seconds
2023-02-06 18:26:38 INFO  - Browser 'CHROME' ready...
2023-02-06 18:26:39 INFO  - Maximizing browser window
2023-02-06 18:26:39 INFO  - Navigate to url - 'https://userinyerface.com/'
2023-02-06 18:26:40 INFO  - Waiting for page to load
2023-02-06 18:26:40 INFO  - Link 'Link_next_page' :: Clicking
2023-02-06 18:26:40 INFO  - Button 'Cookies_form_close' :: Clicking
2023-02-06 18:26:42 DEBUG - No elements with locator 'By.xpath: //*[contains(@class, 'cookies')]' were found in DISPLAYED state
2023-02-06 18:26:42 DEBUG - No elements with locator 'By.xpath: //*[contains(@class, 'cookies')]' were found in DISPLAYED state
2023-02-06 18:26:42 INFO  - Maximizing browser window
2023-02-06 18:26:42 INFO  - Navigate to url - 'https://userinyerface.com/'
2023-02-06 18:26:43 INFO  - Waiting for page to load
2023-02-06 18:26:43 INFO  - Link 'Link_next_page' :: Clicking
2023-02-06 18:26:43 INFO  - Text Field 'Email_input_field' :: Clearing
2023-02-06 18:26:43 INFO  - Text Field 'Email_input_field' :: Typing 'YplHW'
2023-02-06 18:26:43 INFO  - Text Field 'Password_input_field' :: Clearing
2023-02-06 18:26:43 INFO  - Text Field 'Password_input_field' :: Typing 'WL7ijtBdsKmM2l'
2023-02-06 18:26:43 INFO  - Text Field 'Domain_input_field' :: Clearing
2023-02-06 18:26:43 INFO  - Text Field 'Domain_input_field' :: Typing 'atR'
2023-02-06 18:26:44 INFO  - Label 'Domain_point' :: Clicking
2023-02-06 18:26:44 INFO  - Waiting for page to load
2023-02-06 18:26:44 INFO  - Button 'Domain_point_element' :: Clicking
2023-02-06 18:26:44 INFO  - CheckBox 'Accept_the_terms' :: Getting state
2023-02-06 18:26:44 INFO  - CheckBox 'Accept_the_terms' :: State: [false]
2023-02-06 18:26:44 INFO  - CheckBox 'Accept_the_terms' :: Setting value - 'true'
2023-02-06 18:26:44 INFO  - CheckBox 'Accept_the_terms' :: Clicking
2023-02-06 18:26:44 INFO  - Button 'Button_Next_login_form' :: Clicking
2023-02-06 18:26:45 INFO  - Link 'Upload_photo_link' :: Clicking
2023-02-06 18:26:46 INFO  - CheckBox 'Checkbox_two_card' :: Setting value - 'true'
2023-02-06 18:26:46 INFO  - CheckBox 'Checkbox_two_card' :: Clicking
2023-02-06 18:26:46 INFO  - CheckBox 'Checkbox_two_card' :: Setting value - 'true'
2023-02-06 18:26:46 INFO  - CheckBox 'Checkbox_two_card' :: Clicking
2023-02-06 18:26:46 INFO  - CheckBox 'Checkbox_two_card' :: Setting value - 'true'
2023-02-06 18:26:46 INFO  - CheckBox 'Checkbox_two_card' :: Clicking
2023-02-06 18:26:46 INFO  - CheckBox 'Checkbox_two_card' :: Setting value - 'true'
2023-02-06 18:26:46 INFO  - CheckBox 'Checkbox_two_card' :: Clicking
2023-02-06 18:26:46 INFO  - Button 'Button_Next' :: Clicking
2023-02-06 18:26:47 INFO  - Maximizing browser window
2023-02-06 18:26:47 INFO  - Navigate to url - 'https://userinyerface.com/'
2023-02-06 18:26:47 INFO  - Waiting for page to load
2023-02-06 18:26:47 INFO  - Link 'Link_next_page' :: Clicking
2023-02-06 18:26:47 INFO  - Button 'Help_form_close_button' :: Clicking
2023-02-06 18:26:47 INFO  - Maximizing browser window
2023-02-06 18:26:47 INFO  - Navigate to url - 'https://userinyerface.com/'
2023-02-06 18:26:47 INFO  - Waiting for page to load
2023-02-06 18:26:47 INFO  - Link 'Link_next_page' :: Clicking
2023-02-06 18:26:48 INFO  - Label 'Timer' :: Getting text from element
2023-02-06 18:26:48 INFO  - Label 'Timer' :: Element's text: [00:00:00]
2023-02-06 18:26:48 INFO  - Closing browser
